This is pdfTeX, Version 3.14159265-2.6-1.40.19 (TeX Live 2018) (preloaded format=pdflatex 2018.4.16)  30 JAN 2019 15:37
entering extended mode
 restricted \write18 enabled.
 %&-line parsing enabled.
**loops_generic.tex
(./loops_generic.tex
LaTeX2e <2018-04-01> patch level 2
Babel <3.18> and hyphenation patterns for 84 language(s) loaded.
(/usr/local/texlive/2018/texmf-dist/tex/latex/base/article.cls
Document Class: article 2014/09/29 v1.4h Standard LaTeX document class
(/usr/local/texlive/2018/texmf-dist/tex/latex/base/size12.clo
File: size12.clo 2014/09/29 v1.4h Standard LaTeX file (size option)
)
\c@part=\count80
\c@section=\count81
\c@subsection=\count82
\c@subsubsection=\count83
\c@paragraph=\count84
\c@subparagraph=\count85
\c@figure=\count86
\c@table=\count87
\abovecaptionskip=\skip41
\belowcaptionskip=\skip42
\bibindent=\dimen102
)
(/usr/local/texlive/2018/texmf-dist/tex/latex/geometry/geometry.sty
Package: geometry 2018/03/24 v5.7 Page Geometry

(/usr/local/texlive/2018/texmf-dist/tex/latex/graphics/keyval.sty
Package: keyval 2014/10/28 v1.15 key=value parser (DPC)
\KV@toks@=\toks14
)
(/usr/local/texlive/2018/texmf-dist/tex/generic/oberdiek/ifpdf.sty
Package: ifpdf 2017/03/15 v3.2 Provides the ifpdf switch
)
(/usr/local/texlive/2018/texmf-dist/tex/generic/oberdiek/ifvtex.sty
Package: ifvtex 2016/05/16 v1.6 Detect VTeX and its facilities (HO)
Package ifvtex Info: VTeX not detected.
)
(/usr/local/texlive/2018/texmf-dist/tex/generic/ifxetex/ifxetex.sty
Package: ifxetex 2010/09/12 v0.6 Provides ifxetex conditional
)
\Gm@cnth=\count88
\Gm@cntv=\count89
\c@Gm@tempcnt=\count90
\Gm@bindingoffset=\dimen103
\Gm@wd@mp=\dimen104
\Gm@odd@mp=\dimen105
\Gm@even@mp=\dimen106
\Gm@layoutwidth=\dimen107
\Gm@layoutheight=\dimen108
\Gm@layouthoffset=\dimen109
\Gm@layoutvoffset=\dimen110
\Gm@dimlist=\toks15
)
(/usr/local/texlive/2018/texmf-dist/tex/latex/graphics/graphicx.sty
Package: graphicx 2017/06/01 v1.1a Enhanced LaTeX Graphics (DPC,SPQR)

(/usr/local/texlive/2018/texmf-dist/tex/latex/graphics/graphics.sty
Package: graphics 2017/06/25 v1.2c Standard LaTeX Graphics (DPC,SPQR)

(/usr/local/texlive/2018/texmf-dist/tex/latex/graphics/trig.sty
Package: trig 2016/01/03 v1.10 sin cos tan (DPC)
)
(/usr/local/texlive/2018/texmf-dist/tex/latex/graphics-cfg/graphics.cfg
File: graphics.cfg 2016/06/04 v1.11 sample graphics configuration
)
Package graphics Info: Driver file: pdftex.def on input line 99.

(/usr/local/texlive/2018/texmf-dist/tex/latex/graphics-def/pdftex.def
File: pdftex.def 2018/01/08 v1.0l Graphics/color driver for pdftex
))
\Gin@req@height=\dimen111
\Gin@req@width=\dimen112
)
(/usr/local/texlive/2018/texmf-dist/tex/latex/tools/multicol.sty
Package: multicol 2018/04/01 v1.8r multicolumn formatting (FMi)
\c@tracingmulticols=\count91
\mult@box=\box26
\multicol@leftmargin=\dimen113
\c@unbalance=\count92
\c@collectmore=\count93
\doublecol@number=\count94
\multicoltolerance=\count95
\multicolpretolerance=\count96
\full@width=\dimen114
\page@free=\dimen115
\premulticols=\dimen116
\postmulticols=\dimen117
\multicolsep=\skip43
\multicolbaselineskip=\skip44
\partial@page=\box27
\last@line=\box28
\maxbalancingoverflow=\dimen118
\mult@rightbox=\box29
\mult@grightbox=\box30
\mult@gfirstbox=\box31
\mult@firstbox=\box32
\@tempa=\box33
\@tempa=\box34
\@tempa=\box35
\@tempa=\box36
\@tempa=\box37
\@tempa=\box38
\@tempa=\box39
\@tempa=\box40
\@tempa=\box41
\@tempa=\box42
\@tempa=\box43
\@tempa=\box44
\@tempa=\box45
\@tempa=\box46
\@tempa=\box47
\@tempa=\box48
\@tempa=\box49
\c@columnbadness=\count97
\c@finalcolumnbadness=\count98
\last@try=\dimen119
\multicolovershoot=\dimen120
\multicolundershoot=\dimen121
\mult@nat@firstbox=\box50
\colbreak@box=\box51
\mc@col@check@num=\count99
)
(/usr/local/texlive/2018/texmf-dist/tex/latex/base/inputenc.sty
Package: inputenc 2018/04/06 v1.3b Input encoding file
\inpenc@prehook=\toks16
\inpenc@posthook=\toks17
)
(/usr/local/texlive/2018/texmf-dist/tex/generic/babel/babel.sty
Package: babel 2018/02/14 3.18 The Babel package

(/usr/local/texlive/2018/texmf-dist/tex/generic/babel/switch.def
File: switch.def 2018/02/14 3.18 Babel switching mechanism
)
(/usr/local/texlive/2018/texmf-dist/tex/generic/babel-english/english.ldf
Language: english 2017/06/06 v3.3r English support from the babel system

(/usr/local/texlive/2018/texmf-dist/tex/generic/babel/babel.def
File: babel.def 2018/02/14 3.18 Babel common definitions
\babel@savecnt=\count100
\U@D=\dimen122

(/usr/local/texlive/2018/texmf-dist/tex/generic/babel/txtbabel.def)
\bbl@dirlevel=\count101
)
\l@canadian = a dialect from \language\l@american 
\l@australian = a dialect from \language\l@british 
\l@newzealand = a dialect from \language\l@british 
))
(/usr/local/texlive/2018/texmf-dist/tex/latex/adjustbox/adjustbox.sty
Package: adjustbox 2018/04/08 v1.1 Adjusting TeX boxes (trim, clip, ...)

(/usr/local/texlive/2018/texmf-dist/tex/latex/xkeyval/xkeyval.sty
Package: xkeyval 2014/12/03 v2.7a package option processing (HA)

(/usr/local/texlive/2018/texmf-dist/tex/generic/xkeyval/xkeyval.tex
(/usr/local/texlive/2018/texmf-dist/tex/generic/xkeyval/xkvutils.tex
\XKV@toks=\toks18
\XKV@tempa@toks=\toks19
)
\XKV@depth=\count102
File: xkeyval.tex 2014/12/03 v2.7a key=value parser (HA)
))
(/usr/local/texlive/2018/texmf-dist/tex/latex/adjustbox/adjcalc.sty
Package: adjcalc 2012/05/16 v1.1 Provides advanced setlength with multiple back
-ends (calc, etex, pgfmath)
)
(/usr/local/texlive/2018/texmf-dist/tex/latex/adjustbox/trimclip.sty
Package: trimclip 2018/04/08 v1.1 Trim and clip general TeX material

(/usr/local/texlive/2018/texmf-dist/tex/latex/collectbox/collectbox.sty
Package: collectbox 2012/05/17 v0.4b Collect macro arguments as boxes
\collectedbox=\box52
)
\tc@llx=\dimen123
\tc@lly=\dimen124
\tc@urx=\dimen125
\tc@ury=\dimen126
Package trimclip Info: Using driver 'tc-pdftex.def'.

(/usr/local/texlive/2018/texmf-dist/tex/latex/adjustbox/tc-pdftex.def
File: tc-pdftex.def 2018/04/08 v2.1 Clipping driver for pdftex
))
\adjbox@Width=\dimen127
\adjbox@Height=\dimen128
\adjbox@Depth=\dimen129
\adjbox@Totalheight=\dimen130
\adjbox@pwidth=\dimen131
\adjbox@pheight=\dimen132
\adjbox@pdepth=\dimen133
\adjbox@ptotalheight=\dimen134

(/usr/local/texlive/2018/texmf-dist/tex/latex/ifoddpage/ifoddpage.sty
Package: ifoddpage 2016/04/23 v1.1 Conditionals for odd/even page detection
\c@checkoddpage=\count103
)
(/usr/local/texlive/2018/texmf-dist/tex/latex/varwidth/varwidth.sty
Package: varwidth 2009/03/30 ver 0.92;  Variable-width minipages
\@vwid@box=\box53
\sift@deathcycles=\count104
\@vwid@loff=\dimen135
\@vwid@roff=\dimen136
))
(./loops_generic.aux)
\openout1 = `loops_generic.aux'.

LaTeX Font Info:    Checking defaults for OML/cmm/m/it on input line 14.
LaTeX Font Info:    ... okay on input line 14.
LaTeX Font Info:    Checking defaults for T1/cmr/m/n on input line 14.
LaTeX Font Info:    ... okay on input line 14.
LaTeX Font Info:    Checking defaults for OT1/cmr/m/n on input line 14.
LaTeX Font Info:    ... okay on input line 14.
LaTeX Font Info:    Checking defaults for OMS/cmsy/m/n on input line 14.
LaTeX Font Info:    ... okay on input line 14.
LaTeX Font Info:    Checking defaults for OMX/cmex/m/n on input line 14.
LaTeX Font Info:    ... okay on input line 14.
LaTeX Font Info:    Checking defaults for U/cmr/m/n on input line 14.
LaTeX Font Info:    ... okay on input line 14.

*geometry* driver: auto-detecting
*geometry* detected driver: pdftex
*geometry* verbose mode - [ preamble ] result:
* driver: pdftex
* paper: letterpaper
* layout: <same size as paper>
* layoutoffset:(h,v)=(0.0pt,0.0pt)
* modes: 
* h-part:(L,W,R)=(36.135pt, 542.02501pt, 36.135pt)
* v-part:(T,H,B)=(36.135pt, 722.7pt, 36.135pt)
* \paperwidth=614.295pt
* \paperheight=794.96999pt
* \textwidth=542.02501pt
* \textheight=722.7pt
* \oddsidemargin=-36.135pt
* \evensidemargin=-36.135pt
* \topmargin=-73.135pt
* \headheight=12.0pt
* \headsep=25.0pt
* \topskip=12.0pt
* \footskip=30.0pt
* \marginparwidth=44.0pt
* \marginparsep=10.0pt
* \columnsep=10.0pt
* \skip\footins=10.8pt plus 4.0pt minus 2.0pt
* \hoffset=0.0pt
* \voffset=0.0pt
* \mag=1000
* \@twocolumnfalse
* \@twosidefalse
* \@mparswitchfalse
* \@reversemarginfalse
* (1in=72.27pt=25.4mm, 1cm=28.453pt)

(/usr/local/texlive/2018/texmf-dist/tex/context/base/mkii/supp-pdf.mkii
[Loading MPS to PDF converter (version 2006.09.02).]
\scratchcounter=\count105
\scratchdimen=\dimen137
\scratchbox=\box54
\nofMPsegments=\count106
\nofMParguments=\count107
\everyMPshowfont=\toks20
\MPscratchCnt=\count108
\MPscratchDim=\dimen138
\MPnumerator=\count109
\makeMPintoPDFobject=\count110
\everyMPtoPDFconversion=\toks21
) (/usr/local/texlive/2018/texmf-dist/tex/latex/oberdiek/epstopdf-base.sty
Package: epstopdf-base 2016/05/15 v2.6 Base part for package epstopdf

(/usr/local/texlive/2018/texmf-dist/tex/generic/oberdiek/infwarerr.sty
Package: infwarerr 2016/05/16 v1.4 Providing info/warning/error messages (HO)
)
(/usr/local/texlive/2018/texmf-dist/tex/latex/oberdiek/grfext.sty
Package: grfext 2016/05/16 v1.2 Manage graphics extensions (HO)

(/usr/local/texlive/2018/texmf-dist/tex/generic/oberdiek/kvdefinekeys.sty
Package: kvdefinekeys 2016/05/16 v1.4 Define keys (HO)

(/usr/local/texlive/2018/texmf-dist/tex/generic/oberdiek/ltxcmds.sty
Package: ltxcmds 2016/05/16 v1.23 LaTeX kernel commands for general use (HO)
)))
(/usr/local/texlive/2018/texmf-dist/tex/latex/oberdiek/kvoptions.sty
Package: kvoptions 2016/05/16 v3.12 Key value format for package options (HO)

(/usr/local/texlive/2018/texmf-dist/tex/generic/oberdiek/kvsetkeys.sty
Package: kvsetkeys 2016/05/16 v1.17 Key value parser (HO)

(/usr/local/texlive/2018/texmf-dist/tex/generic/oberdiek/etexcmds.sty
Package: etexcmds 2016/05/16 v1.6 Avoid name clashes with e-TeX commands (HO)

(/usr/local/texlive/2018/texmf-dist/tex/generic/oberdiek/ifluatex.sty
Package: ifluatex 2016/05/16 v1.4 Provides the ifluatex switch (HO)
Package ifluatex Info: LuaTeX not detected.
)
Package etexcmds Info: Could not find \expanded.
(etexcmds)             That can mean that you are not using pdfTeX 1.50 or
(etexcmds)             that some package has redefined \expanded.
(etexcmds)             In the latter case, load this package earlier.
)))
(/usr/local/texlive/2018/texmf-dist/tex/generic/oberdiek/pdftexcmds.sty
Package: pdftexcmds 2018/01/30 v0.27 Utility functions of pdfTeX for LuaTeX (HO
)
Package pdftexcmds Info: LuaTeX not detected.
Package pdftexcmds Info: \pdf@primitive is available.
Package pdftexcmds Info: \pdf@ifprimitive is available.
Package pdftexcmds Info: \pdfdraftmode found.
)
Package epstopdf-base Info: Redefining graphics rule for `.eps' on input line 4
38.
Package grfext Info: Graphics extension search list:
(grfext)             [.pdf,.png,.jpg,.mps,.jpeg,.jbig2,.jb2,.PDF,.PNG,.JPG,.JPE
G,.JBIG2,.JB2,.eps]
(grfext)             \AppendGraphicsExtensions on input line 456.

(/usr/local/texlive/2018/texmf-dist/tex/latex/latexconfig/epstopdf-sys.cfg
File: epstopdf-sys.cfg 2010/07/13 v1.3 Configuration of (r)epstopdf for TeX Liv
e
))
Underfull \hbox (badness 10000) in paragraph at lines 15--16

 []

LaTeX Font Info:    External font `cmex10' loaded for size
(Font)              <17.28> on input line 18.
LaTeX Font Info:    External font `cmex10' loaded for size
(Font)              <12> on input line 18.
<images/q1_script0.png, id=1, 350.30875pt x 319.1925pt>
File: images/q1_script0.png Graphic file (type png)
<use images/q1_script0.png>
Package pdftex.def Info: images/q1_script0.png  used on input line 26.
(pdftex.def)             Requested size: 105.09343pt x 95.75848pt.

Underfull \hbox (badness 10000) in paragraph at lines 28--30

 []

<images/q2_script0.png, id=3, 285.065pt x 254.9525pt>
File: images/q2_script0.png Graphic file (type png)
<use images/q2_script0.png>
Package pdftex.def Info: images/q2_script0.png  used on input line 33.
(pdftex.def)             Requested size: 85.52016pt x 76.48633pt.
<images/q2_script1.png, id=4, 263.98625pt x 145.54375pt>
File: images/q2_script1.png Graphic file (type png)
<use images/q2_script1.png>
Package pdftex.def Info: images/q2_script1.png  used on input line 37.
(pdftex.def)             Requested size: 79.19647pt x 43.66345pt.
<images/q2_script2.png, id=5, 264.99pt x 275.0275pt>
File: images/q2_script2.png Graphic file (type png)
<use images/q2_script2.png>
Package pdftex.def Info: images/q2_script2.png  used on input line 38.
(pdftex.def)             Requested size: 79.4976pt x 82.50888pt.
<images/q2_script3.png, id=6, 263.98625pt x 405.515pt>
File: images/q2_script3.png Graphic file (type png)
<use images/q2_script3.png>
Package pdftex.def Info: images/q2_script3.png  used on input line 39.
(pdftex.def)             Requested size: 79.19647pt x 121.65543pt.
<images/q2_script4.png, id=7, 262.9825pt x 533.995pt>
File: images/q2_script4.png Graphic file (type png)
<use images/q2_script4.png>
Package pdftex.def Info: images/q2_script4.png  used on input line 40.
(pdftex.def)             Requested size: 78.89534pt x 160.19974pt.

Underfull \hbox (badness 10000) in paragraph at lines 36--41

 []


Underfull \hbox (badness 10000) in paragraph at lines 36--41

 []

LaTeX Font Info:    External font `cmex10' loaded for size
(Font)              <8> on input line 44.
LaTeX Font Info:    External font `cmex10' loaded for size
(Font)              <6> on input line 44.

Underfull \hbox (badness 10000) in paragraph at lines 44--45

 []

<images/q3_script0.png, id=8, 156.585pt x 80.3pt>
File: images/q3_script0.png Graphic file (type png)
<use images/q3_script0.png>
Package pdftex.def Info: images/q3_script0.png  used on input line 46.
(pdftex.def)             Requested size: 46.97586pt x 24.09018pt.
<images/q3_script1.png, id=9, 156.585pt x 209.78375pt>
File: images/q3_script1.png Graphic file (type png)
<use images/q3_script1.png>
Package pdftex.def Info: images/q3_script1.png  used on input line 47.
(pdftex.def)             Requested size: 46.97586pt x 62.9356pt.
<images/q3_script2.png, id=10, 222.8325pt x 191.71625pt>
File: images/q3_script2.png Graphic file (type png)
<use images/q3_script2.png>
Package pdftex.def Info: images/q3_script2.png  used on input line 48.
(pdftex.def)             Requested size: 66.85027pt x 57.5153pt.
<images/q3_script3.png, id=11, 223.83624pt x 319.1925pt>
File: images/q3_script3.png Graphic file (type png)
<use images/q3_script3.png>
Package pdftex.def Info: images/q3_script3.png  used on input line 49.
(pdftex.def)             Requested size: 67.15138pt x 95.75848pt.

Underfull \hbox (badness 10000) in paragraph at lines 46--50

 []


Underfull \hbox (badness 10000) in paragraph at lines 52--53

 []

<images/q4_script0.png, id=12, 394.47375pt x 256.96pt>
File: images/q4_script0.png Graphic file (type png)
<use images/q4_script0.png>
Package pdftex.def Info: images/q4_script0.png  used on input line 55.
(pdftex.def)             Requested size: 118.34303pt x 77.0886pt.
[1

{/usr/local/texlive/2018/texmf-var/fonts/map/pdftex/updmap/pdftex.map} <./image
s/q1_script0.png> <./images/q2_script0.png> <./images/q2_script1.png> <./images
/q2_script2.png> <./images/q2_script3.png> <./images/q2_script4.png> <./images/
q3_script0.png> <./images/q3_script1.png> <./images/q3_script2.png> <./images/q
3_script3.png>]
<images/q4_script1.png, id=30, 375.4025pt x 145.54375pt>
File: images/q4_script1.png Graphic file (type png)
<use images/q4_script1.png>
Package pdftex.def Info: images/q4_script1.png  used on input line 59.
(pdftex.def)             Requested size: 93.85039pt x 36.38583pt.
<images/q4_script2.png, id=31, 371.3875pt x 209.78375pt>
File: images/q4_script2.png Graphic file (type png)
<use images/q4_script2.png>
Package pdftex.def Info: images/q4_script2.png  used on input line 60.
(pdftex.def)             Requested size: 92.84663pt x 52.4458pt.
<images/q4_script3.png, id=32, 378.41376pt x 406.51875pt>
File: images/q4_script3.png Graphic file (type png)
<use images/q4_script3.png>
Package pdftex.def Info: images/q4_script3.png  used on input line 61.
(pdftex.def)             Requested size: 94.6032pt x 101.62943pt.
<images/q4_script4.png, id=33, 378.41376pt x 406.51875pt>
File: images/q4_script4.png Graphic file (type png)
<use images/q4_script4.png>
Package pdftex.def Info: images/q4_script4.png  used on input line 62.
(pdftex.def)             Requested size: 94.6032pt x 101.62943pt.

Underfull \hbox (badness 10000) in paragraph at lines 58--63

 []


Underfull \hbox (badness 10000) in paragraph at lines 58--63

 []


Underfull \hbox (badness 10000) in paragraph at lines 64--65

 []

<images/q5_script0.png, id=34, 338.26375pt x 384.43625pt>
File: images/q5_script0.png Graphic file (type png)
<use images/q5_script0.png>
Package pdftex.def Info: images/q5_script0.png  used on input line 67.
(pdftex.def)             Requested size: 101.4799pt x 115.33176pt.
<images/q5_script1.png, id=35, 208.78pt x 79.29625pt>
File: images/q5_script1.png Graphic file (type png)
<use images/q5_script1.png>
Package pdftex.def Info: images/q5_script1.png  used on input line 71.
(pdftex.def)             Requested size: 62.63448pt x 23.78905pt.
<images/q5_script2.png, id=36, 318.18875pt x 81.30376pt>
File: images/q5_script2.png Graphic file (type png)
<use images/q5_script2.png>
Package pdftex.def Info: images/q5_script2.png  used on input line 72.
(pdftex.def)             Requested size: 95.45735pt x 24.3913pt.
<images/q5_script3.png, id=37, 156.585pt x 79.29625pt>
File: images/q5_script3.png Graphic file (type png)
<use images/q5_script3.png>
Package pdftex.def Info: images/q5_script3.png  used on input line 73.
(pdftex.def)             Requested size: 46.97586pt x 23.78905pt.
<images/q5_script4.png, id=38, 191.71625pt x 80.3pt>
File: images/q5_script4.png Graphic file (type png)
<use images/q5_script4.png>
Package pdftex.def Info: images/q5_script4.png  used on input line 74.
(pdftex.def)             Requested size: 57.5153pt x 24.09018pt.

Underfull \hbox (badness 10000) in paragraph at lines 70--75

 []


Underfull \hbox (badness 10000) in paragraph at lines 70--75

 []

File: images/q5_script1.png Graphic file (type png)
<use images/q5_script1.png>
Package pdftex.def Info: images/q5_script1.png  used on input line 77.
(pdftex.def)             Requested size: 62.63448pt x 23.78905pt.
File: images/q5_script2.png Graphic file (type png)
<use images/q5_script2.png>
Package pdftex.def Info: images/q5_script2.png  used on input line 78.
(pdftex.def)             Requested size: 95.45735pt x 24.3913pt.
File: images/q5_script3.png Graphic file (type png)
<use images/q5_script3.png>
Package pdftex.def Info: images/q5_script3.png  used on input line 79.
(pdftex.def)             Requested size: 46.97586pt x 23.78905pt.
File: images/q5_script4.png Graphic file (type png)
<use images/q5_script4.png>
Package pdftex.def Info: images/q5_script4.png  used on input line 80.
(pdftex.def)             Requested size: 57.5153pt x 24.09018pt.

Underfull \hbox (badness 10000) in paragraph at lines 76--81

 []


Underfull \hbox (badness 10000) in paragraph at lines 76--81

 []

File: images/q5_script1.png Graphic file (type png)
<use images/q5_script1.png>
Package pdftex.def Info: images/q5_script1.png  used on input line 83.
(pdftex.def)             Requested size: 62.63448pt x 23.78905pt.
File: images/q5_script2.png Graphic file (type png)
<use images/q5_script2.png>
Package pdftex.def Info: images/q5_script2.png  used on input line 84.
(pdftex.def)             Requested size: 95.45735pt x 24.3913pt.
File: images/q5_script3.png Graphic file (type png)
<use images/q5_script3.png>
Package pdftex.def Info: images/q5_script3.png  used on input line 85.
(pdftex.def)             Requested size: 46.97586pt x 23.78905pt.
File: images/q5_script4.png Graphic file (type png)
<use images/q5_script4.png>
Package pdftex.def Info: images/q5_script4.png  used on input line 86.
(pdftex.def)             Requested size: 57.5153pt x 24.09018pt.

Underfull \hbox (badness 10000) in paragraph at lines 82--87

 []


Underfull \hbox (badness 10000) in paragraph at lines 82--87

 []


Underfull \hbox (badness 10000) in paragraph at lines 88--89

 []

[2 <./images/q4_script0.png> <./images/q4_script1.png> <./images/q4_script2.png
> <./images/q4_script3.png> <./images/q4_script4.png> <./images/q5_script0.png>
 <./images/q5_script1.png> <./images/q5_script2.png> <./images/q5_script3.png> 
<./images/q5_script4.png>]
<images/cat.png, id=52, 71.55446pt x 83.4802pt>
File: images/cat.png Graphic file (type png)
<use images/cat.png>
Package pdftex.def Info: images/cat.png  used on input line 92.
(pdftex.def)             Requested size: 17.88857pt x 20.87pt.
<images/dog.png, id=53, 149.05687pt x 107.65219pt>
File: images/dog.png Graphic file (type png)
<use images/dog.png>
Package pdftex.def Info: images/dog.png  used on input line 93.
(pdftex.def)             Requested size: 29.81084pt x 21.53004pt.
<images/q6_script0.png, id=54, 350.30875pt x 580.1675pt>
File: images/q6_script0.png Graphic file (type png)
<use images/q6_script0.png>
Package pdftex.def Info: images/q6_script0.png  used on input line 94.
(pdftex.def)             Requested size: 105.09343pt x 174.05157pt.
<images/q6_script1.png, id=55, 338.26375pt x 341.275pt>
File: images/q6_script1.png Graphic file (type png)
<use images/q6_script1.png>
Package pdftex.def Info: images/q6_script1.png  used on input line 96.
(pdftex.def)             Requested size: 101.4799pt x 102.38329pt.
<images/q6_script2.png, id=56, 223.83624pt x 340.27126pt>
File: images/q6_script2.png Graphic file (type png)
<use images/q6_script2.png>
Package pdftex.def Info: images/q6_script2.png  used on input line 97.
(pdftex.def)             Requested size: 67.15138pt x 102.08215pt.

Underfull \hbox (badness 10000) in paragraph at lines 92--98

 []


Underfull \hbox (badness 10000) in paragraph at lines 103--104

 []


Underfull \hbox (badness 10000) in paragraph at lines 113--114

 []

<images/q7_script0.png, id=57, 344.28625pt x 319.1925pt>
File: images/q7_script0.png Graphic file (type png)
<use images/q7_script0.png>
Package pdftex.def Info: images/q7_script0.png  used on input line 116.
(pdftex.def)             Requested size: 103.28667pt x 95.75848pt.

Underfull \hbox (badness 10000) in paragraph at lines 118--124

 []


Underfull \hbox (badness 10000) in paragraph at lines 118--124

 []


Underfull \hbox (badness 10000) in paragraph at lines 118--124

 []


Underfull \hbox (badness 10000) in paragraph at lines 118--124

 []


Underfull \hbox (badness 10000) in paragraph at lines 118--124

 []


Underfull \hbox (badness 10000) in paragraph at lines 118--124

 []


Underfull \hbox (badness 10000) in paragraph at lines 125--126

 []


Underfull \hbox (badness 10000) in paragraph at lines 127--131

 []


Underfull \hbox (badness 10000) in paragraph at lines 127--131

 []


Underfull \hbox (badness 10000) in paragraph at lines 127--131

 []


Underfull \hbox (badness 10000) in paragraph at lines 127--131

 []

[3 <./images/cat.png> <./images/dog.png> <./images/q6_script0.png> <./images/q6
_script1.png> <./images/q6_script2.png> <./images/q7_script0.png>]
Underfull \hbox (badness 10000) in paragraph at lines 132--133

 []

<images/ec_script0.png, id=67, 383.4325pt x 428.60126pt>
File: images/ec_script0.png Graphic file (type png)
<use images/ec_script0.png>
Package pdftex.def Info: images/ec_script0.png  used on input line 134.
(pdftex.def)             Requested size: 115.03062pt x 128.58136pt.
[4 <./images/ec_script0.png>] (./loops_generic.aux) ) 
Here is how much of TeX's memory you used:
 3634 strings out of 492649
 55267 string characters out of 6129622
 134641 words of memory out of 5000000
 7428 multiletter control sequences out of 15000+600000
 7904 words of font info for 28 fonts, out of 8000000 for 9000
 1141 hyphenation exceptions out of 8191
 41i,10n,37p,280b,224s stack positions out of 5000i,500n,10000p,200000b,80000s
</usr/local/texlive/2018/t
exmf-dist/fonts/type1/public/amsfonts/cm/cmbx12.pfb></usr/local/texlive/2018/te
xmf-dist/fonts/type1/public/amsfonts/cm/cmr12.pfb>
Output written on loops_generic.pdf (4 pages, 487456 bytes).
PDF statistics:
 80 PDF objects out of 1000 (max. 8388607)
 17 compressed objects within 1 object stream
 0 named destinations out of 1000 (max. 500000)
 136 words of extra memory for PDF output out of 10000 (max. 10000000)

