This is pdfTeX, Version 3.14159265-2.6-1.40.19 (TeX Live 2018) (preloaded format=pdflatex 2018.4.16)  12 DEC 2018 14:04
entering extended mode
 restricted \write18 enabled.
 %&-line parsing enabled.
**unit2_temp_2blocks.tex
(./unit2_temp_2blocks.tex
LaTeX2e <2018-04-01> patch level 2
Babel <3.18> and hyphenation patterns for 84 language(s) loaded.
(/usr/local/texlive/2018/texmf-dist/tex/latex/base/article.cls
Document Class: article 2014/09/29 v1.4h Standard LaTeX document class
(/usr/local/texlive/2018/texmf-dist/tex/latex/base/size12.clo
File: size12.clo 2014/09/29 v1.4h Standard LaTeX file (size option)
)
\c@part=\count80
\c@section=\count81
\c@subsection=\count82
\c@subsubsection=\count83
\c@paragraph=\count84
\c@subparagraph=\count85
\c@figure=\count86
\c@table=\count87
\abovecaptionskip=\skip41
\belowcaptionskip=\skip42
\bibindent=\dimen102
)
(/usr/local/texlive/2018/texmf-dist/tex/latex/geometry/geometry.sty
Package: geometry 2018/03/24 v5.7 Page Geometry

(/usr/local/texlive/2018/texmf-dist/tex/latex/graphics/keyval.sty
Package: keyval 2014/10/28 v1.15 key=value parser (DPC)
\KV@toks@=\toks14
)
(/usr/local/texlive/2018/texmf-dist/tex/generic/oberdiek/ifpdf.sty
Package: ifpdf 2017/03/15 v3.2 Provides the ifpdf switch
)
(/usr/local/texlive/2018/texmf-dist/tex/generic/oberdiek/ifvtex.sty
Package: ifvtex 2016/05/16 v1.6 Detect VTeX and its facilities (HO)
Package ifvtex Info: VTeX not detected.
)
(/usr/local/texlive/2018/texmf-dist/tex/generic/ifxetex/ifxetex.sty
Package: ifxetex 2010/09/12 v0.6 Provides ifxetex conditional
)
\Gm@cnth=\count88
\Gm@cntv=\count89
\c@Gm@tempcnt=\count90
\Gm@bindingoffset=\dimen103
\Gm@wd@mp=\dimen104
\Gm@odd@mp=\dimen105
\Gm@even@mp=\dimen106
\Gm@layoutwidth=\dimen107
\Gm@layoutheight=\dimen108
\Gm@layouthoffset=\dimen109
\Gm@layoutvoffset=\dimen110
\Gm@dimlist=\toks15
)
(/usr/local/texlive/2018/texmf-dist/tex/latex/graphics/graphicx.sty
Package: graphicx 2017/06/01 v1.1a Enhanced LaTeX Graphics (DPC,SPQR)

(/usr/local/texlive/2018/texmf-dist/tex/latex/graphics/graphics.sty
Package: graphics 2017/06/25 v1.2c Standard LaTeX Graphics (DPC,SPQR)

(/usr/local/texlive/2018/texmf-dist/tex/latex/graphics/trig.sty
Package: trig 2016/01/03 v1.10 sin cos tan (DPC)
)
(/usr/local/texlive/2018/texmf-dist/tex/latex/graphics-cfg/graphics.cfg
File: graphics.cfg 2016/06/04 v1.11 sample graphics configuration
)
Package graphics Info: Driver file: pdftex.def on input line 99.

(/usr/local/texlive/2018/texmf-dist/tex/latex/graphics-def/pdftex.def
File: pdftex.def 2018/01/08 v1.0l Graphics/color driver for pdftex
))
\Gin@req@height=\dimen111
\Gin@req@width=\dimen112
)
(/usr/local/texlive/2018/texmf-dist/tex/latex/base/inputenc.sty
Package: inputenc 2018/04/06 v1.3b Input encoding file
\inpenc@prehook=\toks16
\inpenc@posthook=\toks17
)
(/usr/local/texlive/2018/texmf-dist/tex/generic/babel/babel.sty
Package: babel 2018/02/14 3.18 The Babel package

(/usr/local/texlive/2018/texmf-dist/tex/generic/babel/switch.def
File: switch.def 2018/02/14 3.18 Babel switching mechanism
)
(/usr/local/texlive/2018/texmf-dist/tex/generic/babel-english/english.ldf
Language: english 2017/06/06 v3.3r English support from the babel system

(/usr/local/texlive/2018/texmf-dist/tex/generic/babel/babel.def
File: babel.def 2018/02/14 3.18 Babel common definitions
\babel@savecnt=\count91
\U@D=\dimen113

(/usr/local/texlive/2018/texmf-dist/tex/generic/babel/txtbabel.def)
\bbl@dirlevel=\count92
)
\l@canadian = a dialect from \language\l@american 
\l@australian = a dialect from \language\l@british 
\l@newzealand = a dialect from \language\l@british 
))
(/usr/local/texlive/2018/texmf-dist/tex/latex/fancyhdr/fancyhdr.sty
Package: fancyhdr 2017/06/30 v3.9a Extensive control of page headers and footer
s
\f@nch@headwidth=\skip43
\f@nch@O@elh=\skip44
\f@nch@O@erh=\skip45
\f@nch@O@olh=\skip46
\f@nch@O@orh=\skip47
\f@nch@O@elf=\skip48
\f@nch@O@erf=\skip49
\f@nch@O@olf=\skip50
\f@nch@O@orf=\skip51
)
(/usr/local/texlive/2018/texmf-dist/tex/latex/tools/multicol.sty
Package: multicol 2018/04/01 v1.8r multicolumn formatting (FMi)
\c@tracingmulticols=\count93
\mult@box=\box26
\multicol@leftmargin=\dimen114
\c@unbalance=\count94
\c@collectmore=\count95
\doublecol@number=\count96
\multicoltolerance=\count97
\multicolpretolerance=\count98
\full@width=\dimen115
\page@free=\dimen116
\premulticols=\dimen117
\postmulticols=\dimen118
\multicolsep=\skip52
\multicolbaselineskip=\skip53
\partial@page=\box27
\last@line=\box28
\maxbalancingoverflow=\dimen119
\mult@rightbox=\box29
\mult@grightbox=\box30
\mult@gfirstbox=\box31
\mult@firstbox=\box32
\@tempa=\box33
\@tempa=\box34
\@tempa=\box35
\@tempa=\box36
\@tempa=\box37
\@tempa=\box38
\@tempa=\box39
\@tempa=\box40
\@tempa=\box41
\@tempa=\box42
\@tempa=\box43
\@tempa=\box44
\@tempa=\box45
\@tempa=\box46
\@tempa=\box47
\@tempa=\box48
\@tempa=\box49
\c@columnbadness=\count99
\c@finalcolumnbadness=\count100
\last@try=\dimen120
\multicolovershoot=\dimen121
\multicolundershoot=\dimen122
\mult@nat@firstbox=\box50
\colbreak@box=\box51
\mc@col@check@num=\count101
)
(/usr/local/texlive/2018/texmf-dist/tex/latex/adjustbox/adjustbox.sty
Package: adjustbox 2018/04/08 v1.1 Adjusting TeX boxes (trim, clip, ...)

(/usr/local/texlive/2018/texmf-dist/tex/latex/xkeyval/xkeyval.sty
Package: xkeyval 2014/12/03 v2.7a package option processing (HA)

(/usr/local/texlive/2018/texmf-dist/tex/generic/xkeyval/xkeyval.tex
(/usr/local/texlive/2018/texmf-dist/tex/generic/xkeyval/xkvutils.tex
\XKV@toks=\toks18
\XKV@tempa@toks=\toks19
)
\XKV@depth=\count102
File: xkeyval.tex 2014/12/03 v2.7a key=value parser (HA)
))
(/usr/local/texlive/2018/texmf-dist/tex/latex/adjustbox/adjcalc.sty
Package: adjcalc 2012/05/16 v1.1 Provides advanced setlength with multiple back
-ends (calc, etex, pgfmath)
)
(/usr/local/texlive/2018/texmf-dist/tex/latex/adjustbox/trimclip.sty
Package: trimclip 2018/04/08 v1.1 Trim and clip general TeX material

(/usr/local/texlive/2018/texmf-dist/tex/latex/collectbox/collectbox.sty
Package: collectbox 2012/05/17 v0.4b Collect macro arguments as boxes
\collectedbox=\box52
)
\tc@llx=\dimen123
\tc@lly=\dimen124
\tc@urx=\dimen125
\tc@ury=\dimen126
Package trimclip Info: Using driver 'tc-pdftex.def'.

(/usr/local/texlive/2018/texmf-dist/tex/latex/adjustbox/tc-pdftex.def
File: tc-pdftex.def 2018/04/08 v2.1 Clipping driver for pdftex
))
\adjbox@Width=\dimen127
\adjbox@Height=\dimen128
\adjbox@Depth=\dimen129
\adjbox@Totalheight=\dimen130
\adjbox@pwidth=\dimen131
\adjbox@pheight=\dimen132
\adjbox@pdepth=\dimen133
\adjbox@ptotalheight=\dimen134

(/usr/local/texlive/2018/texmf-dist/tex/latex/ifoddpage/ifoddpage.sty
Package: ifoddpage 2016/04/23 v1.1 Conditionals for odd/even page detection
\c@checkoddpage=\count103
)
(/usr/local/texlive/2018/texmf-dist/tex/latex/varwidth/varwidth.sty
Package: varwidth 2009/03/30 ver 0.92;  Variable-width minipages
\@vwid@box=\box53
\sift@deathcycles=\count104
\@vwid@loff=\dimen135
\@vwid@roff=\dimen136
))
(./unit2_temp_2blocks.aux)
\openout1 = `unit2_temp_2blocks.aux'.

LaTeX Font Info:    Checking defaults for OML/cmm/m/it on input line 12.
LaTeX Font Info:    ... okay on input line 12.
LaTeX Font Info:    Checking defaults for T1/cmr/m/n on input line 12.
LaTeX Font Info:    ... okay on input line 12.
LaTeX Font Info:    Checking defaults for OT1/cmr/m/n on input line 12.
LaTeX Font Info:    ... okay on input line 12.
LaTeX Font Info:    Checking defaults for OMS/cmsy/m/n on input line 12.
LaTeX Font Info:    ... okay on input line 12.
LaTeX Font Info:    Checking defaults for OMX/cmex/m/n on input line 12.
LaTeX Font Info:    ... okay on input line 12.
LaTeX Font Info:    Checking defaults for U/cmr/m/n on input line 12.
LaTeX Font Info:    ... okay on input line 12.

*geometry* driver: auto-detecting
*geometry* detected driver: pdftex
*geometry* verbose mode - [ preamble ] result:
* driver: pdftex
* paper: letterpaper
* layout: <same size as paper>
* layoutoffset:(h,v)=(0.0pt,0.0pt)
* modes: 
* h-part:(L,W,R)=(36.135pt, 542.02501pt, 36.135pt)
* v-part:(T,H,B)=(36.135pt, 722.7pt, 36.135pt)
* \paperwidth=614.295pt
* \paperheight=794.96999pt
* \textwidth=542.02501pt
* \textheight=722.7pt
* \oddsidemargin=-36.135pt
* \evensidemargin=-36.135pt
* \topmargin=-73.135pt
* \headheight=12.0pt
* \headsep=25.0pt
* \topskip=12.0pt
* \footskip=30.0pt
* \marginparwidth=44.0pt
* \marginparsep=10.0pt
* \columnsep=10.0pt
* \skip\footins=10.8pt plus 4.0pt minus 2.0pt
* \hoffset=0.0pt
* \voffset=0.0pt
* \mag=1000
* \@twocolumnfalse
* \@twosidefalse
* \@mparswitchfalse
* \@reversemarginfalse
* (1in=72.27pt=25.4mm, 1cm=28.453pt)

(/usr/local/texlive/2018/texmf-dist/tex/context/base/mkii/supp-pdf.mkii
[Loading MPS to PDF converter (version 2006.09.02).]
\scratchcounter=\count105
\scratchdimen=\dimen137
\scratchbox=\box54
\nofMPsegments=\count106
\nofMParguments=\count107
\everyMPshowfont=\toks20
\MPscratchCnt=\count108
\MPscratchDim=\dimen138
\MPnumerator=\count109
\makeMPintoPDFobject=\count110
\everyMPtoPDFconversion=\toks21
) (/usr/local/texlive/2018/texmf-dist/tex/latex/oberdiek/epstopdf-base.sty
Package: epstopdf-base 2016/05/15 v2.6 Base part for package epstopdf

(/usr/local/texlive/2018/texmf-dist/tex/generic/oberdiek/infwarerr.sty
Package: infwarerr 2016/05/16 v1.4 Providing info/warning/error messages (HO)
)
(/usr/local/texlive/2018/texmf-dist/tex/latex/oberdiek/grfext.sty
Package: grfext 2016/05/16 v1.2 Manage graphics extensions (HO)

(/usr/local/texlive/2018/texmf-dist/tex/generic/oberdiek/kvdefinekeys.sty
Package: kvdefinekeys 2016/05/16 v1.4 Define keys (HO)

(/usr/local/texlive/2018/texmf-dist/tex/generic/oberdiek/ltxcmds.sty
Package: ltxcmds 2016/05/16 v1.23 LaTeX kernel commands for general use (HO)
)))
(/usr/local/texlive/2018/texmf-dist/tex/latex/oberdiek/kvoptions.sty
Package: kvoptions 2016/05/16 v3.12 Key value format for package options (HO)

(/usr/local/texlive/2018/texmf-dist/tex/generic/oberdiek/kvsetkeys.sty
Package: kvsetkeys 2016/05/16 v1.17 Key value parser (HO)

(/usr/local/texlive/2018/texmf-dist/tex/generic/oberdiek/etexcmds.sty
Package: etexcmds 2016/05/16 v1.6 Avoid name clashes with e-TeX commands (HO)

(/usr/local/texlive/2018/texmf-dist/tex/generic/oberdiek/ifluatex.sty
Package: ifluatex 2016/05/16 v1.4 Provides the ifluatex switch (HO)
Package ifluatex Info: LuaTeX not detected.
)
Package etexcmds Info: Could not find \expanded.
(etexcmds)             That can mean that you are not using pdfTeX 1.50 or
(etexcmds)             that some package has redefined \expanded.
(etexcmds)             In the latter case, load this package earlier.
)))
(/usr/local/texlive/2018/texmf-dist/tex/generic/oberdiek/pdftexcmds.sty
Package: pdftexcmds 2018/01/30 v0.27 Utility functions of pdfTeX for LuaTeX (HO
)
Package pdftexcmds Info: LuaTeX not detected.
Package pdftexcmds Info: \pdf@primitive is available.
Package pdftexcmds Info: \pdf@ifprimitive is available.
Package pdftexcmds Info: \pdfdraftmode found.
)
Package epstopdf-base Info: Redefining graphics rule for `.eps' on input line 4
38.
Package grfext Info: Graphics extension search list:
(grfext)             [.pdf,.png,.jpg,.mps,.jpeg,.jbig2,.jb2,.PDF,.PNG,.JPG,.JPE
G,.JBIG2,.JB2,.eps]
(grfext)             \AppendGraphicsExtensions on input line 456.

(/usr/local/texlive/2018/texmf-dist/tex/latex/latexconfig/epstopdf-sys.cfg
File: epstopdf-sys.cfg 2010/07/13 v1.3 Configuration of (r)epstopdf for TeX Liv
e
))
Underfull \hbox (badness 10000) in paragraph at lines 13--14

 []

LaTeX Font Info:    External font `cmex10' loaded for size
(Font)              <17.28> on input line 16.
LaTeX Font Info:    External font `cmex10' loaded for size
(Font)              <12> on input line 16.

Underfull \hbox (badness 10000) in paragraph at lines 20--21

 []

<images/q1_script0.png, id=1, 325.215pt x 116.435pt>
File: images/q1_script0.png Graphic file (type png)
<use images/q1_script0.png>
Package pdftex.def Info: images/q1_script0.png  used on input line 24.
(pdftex.def)             Requested size: 130.0837pt x 46.57317pt.
<images/q1_script1.png, id=3, 266.9975pt x 116.435pt>
File: images/q1_script1.png Graphic file (type png)
<use images/q1_script1.png>
Package pdftex.def Info: images/q1_script1.png  used on input line 25.
(pdftex.def)             Requested size: 106.79709pt x 46.57317pt.
<images/q1_script2.png, id=4, 208.78pt x 126.4725pt>
File: images/q1_script2.png Graphic file (type png)
<use images/q1_script2.png>
Package pdftex.def Info: images/q1_script2.png  used on input line 26.
(pdftex.def)             Requested size: 83.5105pt x 50.58809pt.
<images/q1_script3.png, id=5, 279.0425pt x 116.435pt>
File: images/q1_script3.png Graphic file (type png)
<use images/q1_script3.png>
Package pdftex.def Info: images/q1_script3.png  used on input line 27.
(pdftex.def)             Requested size: 111.615pt x 46.57317pt.

Overfull \hbox (8.63083pt too wide) in paragraph at lines 24--28
[][]   []   []   [] 
 []


Underfull \hbox (badness 10000) in paragraph at lines 24--28

 []


Underfull \hbox (badness 10000) in paragraph at lines 39--40

 []

LaTeX Font Info:    External font `cmex10' loaded for size
(Font)              <8> on input line 41.
LaTeX Font Info:    External font `cmex10' loaded for size
(Font)              <6> on input line 41.

Underfull \hbox (badness 10000) in paragraph at lines 41--42

 []

<images/q2_script0.png, id=6, 321.2pt x 293.095pt>
File: images/q2_script0.png Graphic file (type png)
<use images/q2_script0.png>
Package pdftex.def Info: images/q2_script0.png  used on input line 43.
(pdftex.def)             Requested size: 128.47772pt x 117.23592pt.

Underfull \hbox (badness 10000) in paragraph at lines 46--47

 []


Underfull \hbox (badness 10000) in paragraph at lines 48--49

 []

<images/q3_script0.png, id=7, 281.05pt x 160.6pt>
File: images/q3_script0.png Graphic file (type png)
<use images/q3_script0.png>
Package pdftex.def Info: images/q3_script0.png  used on input line 50.
(pdftex.def)             Requested size: 112.418pt x 64.23885pt.
<images/q3_script1.png, id=8, 323.2075pt x 160.6pt>
File: images/q3_script1.png Graphic file (type png)
<use images/q3_script1.png>
Package pdftex.def Info: images/q3_script1.png  used on input line 51.
(pdftex.def)             Requested size: 129.2807pt x 64.23885pt.
<images/q3_script2.png, id=9, 208.78pt x 214.8025pt>
File: images/q3_script2.png Graphic file (type png)
<use images/q3_script2.png>
Package pdftex.def Info: images/q3_script2.png  used on input line 52.
(pdftex.def)             Requested size: 83.5105pt x 85.91946pt.
<images/q3_script3.png, id=10, 266.9975pt x 204.765pt>
File: images/q3_script3.png Graphic file (type png)
<use images/q3_script3.png>
Package pdftex.def Info: images/q3_script3.png  used on input line 53.
(pdftex.def)             Requested size: 106.79709pt x 81.90454pt.

Overfull \hbox (8.63083pt too wide) in paragraph at lines 50--54
[][]   []   []   []
 []


Underfull \hbox (badness 10000) in paragraph at lines 50--54

 []

[1

{/usr/local/texlive/2018/texmf-var/fonts/map/pdftex/updmap/pdftex.map} <./image
s/q1_script0.png> <./images/q1_script1.png> <./images/q1_script2.png> <./images
/q1_script3.png> <./images/q2_script0.png> <./images/q3_script0.png> <./images/
q3_script1.png> <./images/q3_script2.png> <./images/q3_script3.png>]
<images/q4_stage.png, id=27, 479.7925pt x 359.3425pt>
File: images/q4_stage.png Graphic file (type png)
<use images/q4_stage.png>
Package pdftex.def Info: images/q4_stage.png  used on input line 59.
(pdftex.def)             Requested size: 239.89565pt x 179.6708pt.
<images/q4_script0.png, id=28, 266.9975pt x 116.435pt>
File: images/q4_script0.png Graphic file (type png)
<use images/q4_script0.png>
Package pdftex.def Info: images/q4_script0.png  used on input line 63.
(pdftex.def)             Requested size: 106.79709pt x 46.57317pt.
<images/q4_script1.png, id=29, 266.9975pt x 116.435pt>
File: images/q4_script1.png Graphic file (type png)
<use images/q4_script1.png>
Package pdftex.def Info: images/q4_script1.png  used on input line 64.
(pdftex.def)             Requested size: 106.79709pt x 46.57317pt.
<images/q4_script2.png, id=30, 236.885pt x 126.4725pt>
File: images/q4_script2.png Graphic file (type png)
<use images/q4_script2.png>
Package pdftex.def Info: images/q4_script2.png  used on input line 65.
(pdftex.def)             Requested size: 94.75232pt x 50.58809pt.
<images/q4_script3.png, id=31, 228.855pt x 126.4725pt>
File: images/q4_script3.png Graphic file (type png)
<use images/q4_script3.png>
Package pdftex.def Info: images/q4_script3.png  used on input line 66.
(pdftex.def)             Requested size: 91.54037pt x 50.58809pt.

Underfull \hbox (badness 10000) in paragraph at lines 62--68

 []

File: images/q4_script0.png Graphic file (type png)
<use images/q4_script0.png>
Package pdftex.def Info: images/q4_script0.png  used on input line 71.
(pdftex.def)             Requested size: 106.79709pt x 46.57317pt.
File: images/q4_script1.png Graphic file (type png)
<use images/q4_script1.png>
Package pdftex.def Info: images/q4_script1.png  used on input line 72.
(pdftex.def)             Requested size: 106.79709pt x 46.57317pt.
File: images/q4_script2.png Graphic file (type png)
<use images/q4_script2.png>
Package pdftex.def Info: images/q4_script2.png  used on input line 73.
(pdftex.def)             Requested size: 94.75232pt x 50.58809pt.
File: images/q4_script3.png Graphic file (type png)
<use images/q4_script3.png>
Package pdftex.def Info: images/q4_script3.png  used on input line 74.
(pdftex.def)             Requested size: 91.54037pt x 50.58809pt.

Underfull \hbox (badness 10000) in paragraph at lines 70--76

 []

<images/q5_script0.png, id=32, 327.2225pt x 204.765pt>
File: images/q5_script0.png Graphic file (type png)
<use images/q5_script0.png>
Package pdftex.def Info: images/q5_script0.png  used on input line 81.
(pdftex.def)             Requested size: 130.88667pt x 81.90454pt.
<images/q5_script1.png, id=33, 327.2225pt x 204.765pt>
File: images/q5_script1.png Graphic file (type png)
<use images/q5_script1.png>
Package pdftex.def Info: images/q5_script1.png  used on input line 82.
(pdftex.def)             Requested size: 130.88667pt x 81.90454pt.

Underfull \hbox (badness 10000) in paragraph at lines 92--93

 []

[2 <./images/q4_stage.png> <./images/q4_script0.png> <./images/q4_script1.png> 
<./images/q4_script2.png> <./images/q4_script3.png> <./images/q5_script0.png> <
./images/q5_script1.png>]
Underfull \hbox (badness 10000) in paragraph at lines 96--98

 []

<images/q6_script0.png, id=43, 315.1775pt x 214.8025pt>
File: images/q6_script0.png Graphic file (type png)
<use images/q6_script0.png>
Package pdftex.def Info: images/q6_script0.png  used on input line 99.
(pdftex.def)             Requested size: 126.06876pt x 85.91946pt.

Underfull \hbox (badness 10000) in paragraph at lines 102--105

 []


Underfull \hbox (badness 10000) in paragraph at lines 102--105

 []


Underfull \hbox (badness 10000) in paragraph at lines 102--105

 []


Underfull \hbox (badness 10000) in paragraph at lines 102--105

 []

<images/q7_script0.png, id=44, 289.08pt x 204.765pt>
File: images/q7_script0.png Graphic file (type png)
<use images/q7_script0.png>
Package pdftex.def Info: images/q7_script0.png  used on input line 110.
(pdftex.def)             Requested size: 115.62994pt x 81.90454pt.

Underfull \hbox (badness 10000) in paragraph at lines 118--119

 []


Underfull \hbox (badness 10000) in paragraph at lines 121--122

 []


Underfull \hbox (badness 10000) in paragraph at lines 123--125

 []


Underfull \hbox (badness 10000) in paragraph at lines 123--125

 []


Underfull \hbox (badness 10000) in paragraph at lines 123--125

 []

[3 <./images/q6_script0.png> <./images/q7_script0.png>]
(./unit2_temp_2blocks.aux) ) 
Here is how much of TeX's memory you used:
 3719 strings out of 492649
 55848 string characters out of 6129622
 135706 words of memory out of 5000000
 7518 multiletter control sequences out of 15000+600000
 7904 words of font info for 28 fonts, out of 8000000 for 9000
 1141 hyphenation exceptions out of 8191
 41i,7n,43p,285b,255s stack positions out of 5000i,500n,10000p,200000b,80000s
</usr/local/texlive/2018/texmf-dist/fonts/type1/pub
lic/amsfonts/cm/cmbx12.pfb></usr/local/texlive/2018/texmf-dist/fonts/type1/publ
ic/amsfonts/cm/cmr12.pfb>
Output written on unit2_temp_2blocks.pdf (3 pages, 315963 bytes).
PDF statistics:
 58 PDF objects out of 1000 (max. 8388607)
 15 compressed objects within 1 object stream
 0 named destinations out of 1000 (max. 500000)
 91 words of extra memory for PDF output out of 10000 (max. 10000000)

